<?xml version="1.0" encoding="UTF-8"?>
<!-- Generated by org.testng.reporters.JUnitXMLReporter -->
<testsuite hostname="LAPTOP-3L2583U1" ignored="0" name="Default test" tests="4" failures="0" timestamp="2020-09-23T18:09:09 IST" time="106.213" errors="0">
  <testcase name="setup" time="10.715" classname="com.crm.qa.testcases.HomePageTest"/>
  <testcase name="loginTest" time="35.151" classname="com.crm.qa.testcases.HomePageTest"/>
  <testcase name="verifyHomePageTitleTest" time="0.089" classname="com.crm.qa.testcases.HomePageTest"/>
  <testcase name="verifyUserNameTest" time="0.232" classname="com.crm.qa.testcases.HomePageTest"/>
</testsuite> <!-- Default test -->
