<?xml version="1.0" encoding="UTF-8"?>
<testng-results skipped="0" failed="0" ignored="0" total="4" passed="4">
  <reporter-output>
  </reporter-output>
  <suite name="Default suite" duration-ms="106213" started-at="2020-09-23T18:07:22 IST" finished-at="2020-09-23T18:09:09 IST">
    <groups>
    </groups>
    <test name="Default test" duration-ms="106213" started-at="2020-09-23T18:07:22 IST" finished-at="2020-09-23T18:09:09 IST">
      <class name="com.crm.qa.testcases.HomePageTest">
        <test-method status="PASS" signature="setup()[pri:0, instance:com.crm.qa.testcases.HomePageTest@1e965684]" name="setup" is-config="true" duration-ms="11904" started-at="2020-09-23T18:07:22 IST" finished-at="2020-09-23T18:07:34 IST">
          <reporter-output>
          </reporter-output>
        </test-method> <!-- setup -->
        <test-method status="PASS" signature="setup()[pri:1, instance:com.crm.qa.testcases.HomePageTest@1e965684]" name="setup" duration-ms="10715" started-at="2020-09-23T18:07:34 IST" finished-at="2020-09-23T18:07:45 IST">
          <reporter-output>
          </reporter-output>
        </test-method> <!-- setup -->
        <test-method status="PASS" signature="setup()[pri:0, instance:com.crm.qa.testcases.HomePageTest@1e965684]" name="setup" is-config="true" duration-ms="11557" started-at="2020-09-23T18:07:45 IST" finished-at="2020-09-23T18:07:57 IST">
          <reporter-output>
          </reporter-output>
        </test-method> <!-- setup -->
        <test-method status="PASS" signature="loginTest()[pri:2, instance:com.crm.qa.testcases.HomePageTest@1e965684]" name="loginTest" duration-ms="35151" started-at="2020-09-23T18:07:57 IST" finished-at="2020-09-23T18:08:32 IST">
          <reporter-output>
          </reporter-output>
        </test-method> <!-- loginTest -->
        <test-method status="PASS" signature="setup()[pri:0, instance:com.crm.qa.testcases.HomePageTest@1e965684]" name="setup" is-config="true" duration-ms="18997" started-at="2020-09-23T18:08:32 IST" finished-at="2020-09-23T18:08:51 IST">
          <reporter-output>
          </reporter-output>
        </test-method> <!-- setup -->
        <test-method status="PASS" signature="verifyHomePageTitleTest()[pri:2, instance:com.crm.qa.testcases.HomePageTest@1e965684]" name="verifyHomePageTitleTest" duration-ms="89" started-at="2020-09-23T18:08:51 IST" finished-at="2020-09-23T18:08:51 IST">
          <reporter-output>
          </reporter-output>
        </test-method> <!-- verifyHomePageTitleTest -->
        <test-method status="PASS" signature="setup()[pri:0, instance:com.crm.qa.testcases.HomePageTest@1e965684]" name="setup" is-config="true" duration-ms="17479" started-at="2020-09-23T18:08:51 IST" finished-at="2020-09-23T18:09:08 IST">
          <reporter-output>
          </reporter-output>
        </test-method> <!-- setup -->
        <test-method status="PASS" signature="verifyUserNameTest()[pri:3, instance:com.crm.qa.testcases.HomePageTest@1e965684]" name="verifyUserNameTest" duration-ms="232" started-at="2020-09-23T18:09:08 IST" finished-at="2020-09-23T18:09:09 IST">
          <reporter-output>
          </reporter-output>
        </test-method> <!-- verifyUserNameTest -->
      </class> <!-- com.crm.qa.testcases.HomePageTest -->
    </test> <!-- Default test -->
  </suite> <!-- Default suite -->
</testng-results>
